Build started 18/10/2022 14:38:56.
     1>Project "C:\Users\Mike\OneDrive - University of South Wales\AME2223\CS2S573\MultiplayerBook\Chapter 6\RoboCatRTS\RoboCatRTS\RoboCatRTS.vcxproj" on node 2 (Build target(s)).
     1>ClCompile:
         C:\Program Files (x86)\Microsoft Visual Studio 12.0\VC\bin\CL.exe /c /I..\zlib\include /I..\SDL\include /IInc /I..\ /I..\RoboCat\Inc /ZI /nologo /W3 /WX- /sdl /Od /Oi /Oy- /D WIN32 /D _DEBUG /D _WINDOWS /D _MBCS /Gm /EHsc /RTC1 /MDd /GS /fp:precise /Zc:wchar_t /Zc:forScope /Yc"RoboCatPCH.h" /Fp"Debug\RoboCatRTS.pch" /Fo"Debug\\" /Fd"Debug\vc120.pdb" /Gd /TP /analyze- /errorReport:prompt Src\RoboCatPCH.cpp
         RoboCatPCH.cpp
         C:\Program Files (x86)\Microsoft Visual Studio 12.0\VC\bin\CL.exe /c /I..\zlib\include /I..\SDL\include /IInc /I..\ /I..\RoboCat\Inc /ZI /nologo /W3 /WX- /sdl /Od /Oi /Oy- /D WIN32 /D _DEBUG /D _WINDOWS /D _MBCS /Gm /EHsc /RTC1 /MDd /GS /fp:precise /Zc:wchar_t /Zc:forScope /Yu"RoboCatPCH.h" /Fp"Debug\RoboCatRTS.pch" /Fo"Debug\\" /Fd"Debug\vc120.pdb" /Gd /TP /analyze- /errorReport:prompt Src\GraphicsDriver.cpp Src\HUD.cpp Src\InputManager.cpp Src\Main.cpp Src\RandGen.cpp Src\RenderManager.cpp Src\SpriteComponent.cpp Src\Texture.cpp Src\TextureManager.cpp Src\TurnData.cpp Src\WindowManager.cpp Src\Yarn.cpp Src\Engine.cpp Src\GameObjectRegistry.cpp Src\MemoryBitStream.cpp Src\Command.cpp Src\CommandList.cpp Src\NetworkManager.cpp Src\RoboMath.cpp Src\ScoreBoardManager.cpp Src\RoboCat.cpp Src\SocketAddress.cpp Src\SocketAddressFactory.cpp Src\SocketUtil.cpp Src\StringUtils.cpp Src\TCPSocket.cpp Src\Timing.cpp Src\GameObject.cpp Src\UDPSocket.cpp Src\World.cpp
         World.cpp
         UDPSocket.cpp
         GameObject.cpp
         Timing.cpp
         TCPSocket.cpp
         StringUtils.cpp
         SocketUtil.cpp
         SocketAddressFactory.cpp
         SocketAddress.cpp
         RoboCat.cpp
         ScoreBoardManager.cpp
         RoboMath.cpp
         NetworkManager.cpp
         CommandList.cpp
         Command.cpp
         MemoryBitStream.cpp
         GameObjectRegistry.cpp
         Engine.cpp
         Yarn.cpp
         WindowManager.cpp
         Generating Code...
         Compiling...
         TurnData.cpp
         TextureManager.cpp
         Texture.cpp
         SpriteComponent.cpp
         RenderManager.cpp
         RandGen.cpp
         Main.cpp
         InputManager.cpp
         HUD.cpp
         GraphicsDriver.cpp
         Generating Code...
       Link:
         C:\Program Files (x86)\Microsoft Visual Studio 12.0\VC\bin\link.exe /ERRORREPORT:PROMPT /OUT:"C:\Users\Mike\OneDrive - University of South Wales\AME2223\CS2S573\MultiplayerBook\Chapter 6\RoboCatRTS\Debug\RoboCatRTS.exe" /INCREMENTAL /NOLOGO /LIBPATH:..\zlib\lib\win /LIBPATH:..\SDL\lib\win\x86 kernel32.lib user32.lib gdi32.lib winspool.lib comdlg32.lib advapi32.lib shell32.lib ole32.lib oleaut32.lib uuid.lib odbc32.lib odbccp32.lib ws2_32.lib SDL2.lib SDL2main.lib SDL2_image.lib SDL2_ttf.lib zdll.lib kernel32.lib user32.lib gdi32.lib winspool.lib comdlg32.lib advapi32.lib shell32.lib ole32.lib oleaut32.lib uuid.lib odbc32.lib odbccp32.lib /MANIFEST /MANIFESTUAC:"level='asInvoker' uiAccess='false'" /manifest:embed /DEBUG /PDB:"C:\Users\Mike\OneDrive - University of South Wales\AME2223\CS2S573\MultiplayerBook\Chapter 6\RoboCatRTS\Debug\RoboCatRTS.pdb" /SUBSYSTEM:WINDOWS /TLBID:1 /DYNAMICBASE /NXCOMPAT /IMPLIB:"C:\Users\Mike\OneDrive - University of South Wales\AME2223\CS2S573\MultiplayerBook\Chapter 6\RoboCatRTS\Debug\RoboCatRTS.lib" /MACHINE:X86 /NODEFAULTLIB:msvcrt.lib Debug\GraphicsDriver.obj
         Debug\HUD.obj
         Debug\InputManager.obj
         Debug\Main.obj
         Debug\RandGen.obj
         Debug\RenderManager.obj
         Debug\SpriteComponent.obj
         Debug\Texture.obj
         Debug\TextureManager.obj
         Debug\TurnData.obj
         Debug\WindowManager.obj
         Debug\Yarn.obj
         Debug\Engine.obj
         Debug\GameObjectRegistry.obj
         Debug\MemoryBitStream.obj
         Debug\Command.obj
         Debug\CommandList.obj
         Debug\NetworkManager.obj
         Debug\RoboMath.obj
         Debug\ScoreBoardManager.obj
         Debug\RoboCat.obj
         Debug\SocketAddress.obj
         Debug\SocketAddressFactory.obj
         Debug\SocketUtil.obj
         Debug\StringUtils.obj
         Debug\TCPSocket.obj
         Debug\Timing.obj
         Debug\GameObject.obj
         Debug\RoboCatPCH.obj
         Debug\UDPSocket.obj
         Debug\World.obj
         RoboCatRTS.vcxproj -> C:\Users\Mike\OneDrive - University of South Wales\AME2223\CS2S573\MultiplayerBook\Chapter 6\RoboCatRTS\Debug\RoboCatRTS.exe
       PostBuildEvent:
         xcopy "C:\Users\Mike\OneDrive - University of South Wales\AME2223\CS2S573\MultiplayerBook\Chapter 6\RoboCatRTS\RoboCatRTS\\..\SDL\lib\win\x86\*.dll" "C:\Users\Mike\OneDrive - University of South Wales\AME2223\CS2S573\MultiplayerBook\Chapter 6\RoboCatRTS\Debug\" /i /s /y
         :VCEnd
         C:\Users\Mike\OneDrive - University of South Wales\AME2223\CS2S573\MultiplayerBook\Chapter 6\RoboCatRTS\RoboCatRTS\\..\SDL\lib\win\x86\libfreetype-6.dll
         C:\Users\Mike\OneDrive - University of South Wales\AME2223\CS2S573\MultiplayerBook\Chapter 6\RoboCatRTS\RoboCatRTS\\..\SDL\lib\win\x86\libogg-0.dll
         C:\Users\Mike\OneDrive - University of South Wales\AME2223\CS2S573\MultiplayerBook\Chapter 6\RoboCatRTS\RoboCatRTS\\..\SDL\lib\win\x86\libpng16-16.dll
         C:\Users\Mike\OneDrive - University of South Wales\AME2223\CS2S573\MultiplayerBook\Chapter 6\RoboCatRTS\RoboCatRTS\\..\SDL\lib\win\x86\libvorbis-0.dll
         C:\Users\Mike\OneDrive - University of South Wales\AME2223\CS2S573\MultiplayerBook\Chapter 6\RoboCatRTS\RoboCatRTS\\..\SDL\lib\win\x86\libvorbisfile-3.dll
         C:\Users\Mike\OneDrive - University of South Wales\AME2223\CS2S573\MultiplayerBook\Chapter 6\RoboCatRTS\RoboCatRTS\\..\SDL\lib\win\x86\SDL2.dll
         C:\Users\Mike\OneDrive - University of South Wales\AME2223\CS2S573\MultiplayerBook\Chapter 6\RoboCatRTS\RoboCatRTS\\..\SDL\lib\win\x86\SDL2_image.dll
         C:\Users\Mike\OneDrive - University of South Wales\AME2223\CS2S573\MultiplayerBook\Chapter 6\RoboCatRTS\RoboCatRTS\\..\SDL\lib\win\x86\SDL2_mixer.dll
         C:\Users\Mike\OneDrive - University of South Wales\AME2223\CS2S573\MultiplayerBook\Chapter 6\RoboCatRTS\RoboCatRTS\\..\SDL\lib\win\x86\SDL2_ttf.dll
         C:\Users\Mike\OneDrive - University of South Wales\AME2223\CS2S573\MultiplayerBook\Chapter 6\RoboCatRTS\RoboCatRTS\\..\SDL\lib\win\x86\zlib1.dll
         10 File(s) copied
     1>Done Building Project "C:\Users\Mike\OneDrive - University of South Wales\AME2223\CS2S573\MultiplayerBook\Chapter 6\RoboCatRTS\RoboCatRTS\RoboCatRTS.vcxproj" (Build target(s)).

Build succeeded.

Time Elapsed 00:00:05.63
