Build started 19/10/2022 18:50:27.
     1>Project "C:\Users\Mike\OneDrive - University of South Wales\AME2223\CS2S573\MultiplayerBook\Chapter 8\RoboCatAction\RoboCatServer\RoboCatServer.vcxproj" on node 2 (Build target(s)).
     1>Link:
         RoboCatServer.vcxproj -> C:\Users\Mike\OneDrive - University of South Wales\AME2223\CS2S573\MultiplayerBook\Chapter 8\RoboCatAction\Debug\RoboCatServer.exe
       PostBuildEvent:
         xcopy "C:\Users\Mike\OneDrive - University of South Wales\AME2223\CS2S573\MultiplayerBook\Chapter 8\RoboCatAction\RoboCatServer\\..\SDL\lib\win\x86\*.dll" "C:\Users\Mike\OneDrive - University of South Wales\AME2223\CS2S573\MultiplayerBook\Chapter 8\RoboCatAction\Debug\" /i /s /y
         :VCEnd
         C:\Users\Mike\OneDrive - University of South Wales\AME2223\CS2S573\MultiplayerBook\Chapter 8\RoboCatAction\RoboCatServer\\..\SDL\lib\win\x86\libfreetype-6.dll
         C:\Users\Mike\OneDrive - University of South Wales\AME2223\CS2S573\MultiplayerBook\Chapter 8\RoboCatAction\RoboCatServer\\..\SDL\lib\win\x86\libogg-0.dll
         C:\Users\Mike\OneDrive - University of South Wales\AME2223\CS2S573\MultiplayerBook\Chapter 8\RoboCatAction\RoboCatServer\\..\SDL\lib\win\x86\libpng16-16.dll
         C:\Users\Mike\OneDrive - University of South Wales\AME2223\CS2S573\MultiplayerBook\Chapter 8\RoboCatAction\RoboCatServer\\..\SDL\lib\win\x86\libvorbis-0.dll
         C:\Users\Mike\OneDrive - University of South Wales\AME2223\CS2S573\MultiplayerBook\Chapter 8\RoboCatAction\RoboCatServer\\..\SDL\lib\win\x86\libvorbisfile-3.dll
         C:\Users\Mike\OneDrive - University of South Wales\AME2223\CS2S573\MultiplayerBook\Chapter 8\RoboCatAction\RoboCatServer\\..\SDL\lib\win\x86\SDL2.dll
         C:\Users\Mike\OneDrive - University of South Wales\AME2223\CS2S573\MultiplayerBook\Chapter 8\RoboCatAction\RoboCatServer\\..\SDL\lib\win\x86\SDL2_image.dll
         C:\Users\Mike\OneDrive - University of South Wales\AME2223\CS2S573\MultiplayerBook\Chapter 8\RoboCatAction\RoboCatServer\\..\SDL\lib\win\x86\SDL2_mixer.dll
         C:\Users\Mike\OneDrive - University of South Wales\AME2223\CS2S573\MultiplayerBook\Chapter 8\RoboCatAction\RoboCatServer\\..\SDL\lib\win\x86\SDL2_ttf.dll
         C:\Users\Mike\OneDrive - University of South Wales\AME2223\CS2S573\MultiplayerBook\Chapter 8\RoboCatAction\RoboCatServer\\..\SDL\lib\win\x86\zlib1.dll
         10 File(s) copied
     1>Done Building Project "C:\Users\Mike\OneDrive - University of South Wales\AME2223\CS2S573\MultiplayerBook\Chapter 8\RoboCatAction\RoboCatServer\RoboCatServer.vcxproj" (Build target(s)).

Build succeeded.

Time Elapsed 00:00:00.15
