Build started 19/10/2022 18:39:05.
     1>Project "C:\Users\Mike\OneDrive - University of South Wales\AME2223\CS2S573\MultiplayerBook\Chapter 8\RoboCatAction\RoboCatClient\RoboCatClient.vcxproj" on node 2 (Rebuild target(s)).
     1>C:\Program Files (x86)\MSBuild\Microsoft.Cpp\v4.0\V120\Microsoft.CppClean.targets(76,5): warning : Access to the path 'c:\users\mike\onedrive - university of south wales\ame2223\cs2s573\multiplayerbook\chapter 8\robocataction\debug\robocatclient.exe' is denied.
     1>ClCompile:
         C:\Program Files (x86)\Microsoft Visual Studio 12.0\VC\bin\CL.exe /c /I..\SDL\include /IInc /I..\ /I..\RoboCat\Inc /ZI /nologo /W3 /WX- /sdl /Od /Oi /Oy- /D WIN32 /D _DEBUG /D _WINDOWS /D _MBCS /Gm /EHsc /RTC1 /MDd /GS /fp:precise /Zc:wchar_t /Zc:forScope /Yc"RoboCatClientPCH.h" /Fp"Debug\RoboCatClient.pch" /Fo"Debug\\" /Fd"Debug\vc120.pdb" /Gd /TP /analyze- /errorReport:prompt Src\RoboCatClientPCH.cpp
         RoboCatClientPCH.cpp
         C:\Program Files (x86)\Microsoft Visual Studio 12.0\VC\bin\CL.exe /c /I..\SDL\include /IInc /I..\ /I..\RoboCat\Inc /ZI /nologo /W3 /WX- /sdl /Od /Oi /Oy- /D WIN32 /D _DEBUG /D _WINDOWS /D _MBCS /Gm /EHsc /RTC1 /MDd /GS /fp:precise /Zc:wchar_t /Zc:forScope /Yu"RoboCatClientPCH.h" /Fp"Debug\RoboCatClient.pch" /Fo"Debug\\" /Fd"Debug\vc120.pdb" /Gd /TP /analyze- /errorReport:prompt Src\YarnClient.cpp Src\Client.cpp Src\ClientMain.cpp Src\GraphicsDriver.cpp Src\HUD.cpp Src\InputManager.cpp Src\NetworkManagerClient.cpp Src\RenderManager.cpp Src\ReplicationManagerClient.cpp Src\RoboCatClient.cpp Src\SpriteComponent.cpp Src\Texture.cpp Src\TextureManager.cpp Src\MouseClient.cpp Src\WindowManager.cpp
         WindowManager.cpp
         MouseClient.cpp
         TextureManager.cpp
         Texture.cpp
         SpriteComponent.cpp
         RoboCatClient.cpp
         ReplicationManagerClient.cpp
         RenderManager.cpp
         NetworkManagerClient.cpp
         InputManager.cpp
         HUD.cpp
         GraphicsDriver.cpp
         ClientMain.cpp
         Client.cpp
         YarnClient.cpp
         Generating Code...
       Link:
         C:\Program Files (x86)\Microsoft Visual Studio 12.0\VC\bin\link.exe /ERRORREPORT:PROMPT /OUT:"C:\Users\Mike\OneDrive - University of South Wales\AME2223\CS2S573\MultiplayerBook\Chapter 8\RoboCatAction\Debug\RoboCatClient.exe" /INCREMENTAL /NOLOGO /LIBPATH:..\SDL\lib\win\x86 kernel32.lib user32.lib gdi32.lib winspool.lib comdlg32.lib advapi32.lib shell32.lib ole32.lib oleaut32.lib uuid.lib odbc32.lib odbccp32.lib ws2_32.lib SDL2.lib SDL2main.lib SDL2_image.lib SDL2_ttf.lib kernel32.lib user32.lib gdi32.lib winspool.lib comdlg32.lib advapi32.lib shell32.lib ole32.lib oleaut32.lib uuid.lib odbc32.lib odbccp32.lib /MANIFEST /MANIFESTUAC:"level='asInvoker' uiAccess='false'" /manifest:embed /DEBUG /PDB:"C:\Users\Mike\OneDrive - University of South Wales\AME2223\CS2S573\MultiplayerBook\Chapter 8\RoboCatAction\Debug\RoboCatClient.pdb" /SUBSYSTEM:WINDOWS /TLBID:1 /DYNAMICBASE /NXCOMPAT /IMPLIB:"C:\Users\Mike\OneDrive - University of South Wales\AME2223\CS2S573\MultiplayerBook\Chapter 8\RoboCatAction\Debug\RoboCatClient.lib" /MACHINE:X86 Debug\YarnClient.obj
         Debug\Client.obj
         Debug\ClientMain.obj
         Debug\GraphicsDriver.obj
         Debug\HUD.obj
         Debug\InputManager.obj
         Debug\NetworkManagerClient.obj
         Debug\RenderManager.obj
         Debug\ReplicationManagerClient.obj
         Debug\RoboCatClient.obj
         Debug\SpriteComponent.obj
         Debug\Texture.obj
         Debug\TextureManager.obj
         Debug\MouseClient.obj
         Debug\RoboCatClientPCH.obj
         Debug\WindowManager.obj
         "C:\Users\Mike\OneDrive - University of South Wales\AME2223\CS2S573\MultiplayerBook\Chapter 8\RoboCatAction\RoboCat\Bin\Debug\RoboCat.lib"
     1>LINK : fatal error LNK1104: cannot open file 'C:\Users\Mike\OneDrive - University of South Wales\AME2223\CS2S573\MultiplayerBook\Chapter 8\RoboCatAction\Debug\RoboCatClient.exe'
     1>Done Building Project "C:\Users\Mike\OneDrive - University of South Wales\AME2223\CS2S573\MultiplayerBook\Chapter 8\RoboCatAction\RoboCatClient\RoboCatClient.vcxproj" (Rebuild target(s)) -- FAILED.

Build FAILED.

Time Elapsed 00:00:11.80
