c:\users\mike\onedrive - university of south wales\ame2223\cs2s573\multiplayerbook\chapter 6\robocataction\robocatclient\release\robocatclient.pch
c:\users\mike\onedrive - university of south wales\ame2223\cs2s573\multiplayerbook\chapter 6\robocataction\robocatclient\release\vc141.pdb
c:\users\mike\onedrive - university of south wales\ame2223\cs2s573\multiplayerbook\chapter 6\robocataction\robocatclient\release\robocatclientpch.obj
c:\users\mike\onedrive - university of south wales\ame2223\cs2s573\multiplayerbook\chapter 6\robocataction\robocatclient\release\windowmanager.obj
c:\users\mike\onedrive - university of south wales\ame2223\cs2s573\multiplayerbook\chapter 6\robocataction\robocatclient\release\mouseclient.obj
c:\users\mike\onedrive - university of south wales\ame2223\cs2s573\multiplayerbook\chapter 6\robocataction\robocatclient\release\texturemanager.obj
c:\users\mike\onedrive - university of south wales\ame2223\cs2s573\multiplayerbook\chapter 6\robocataction\robocatclient\release\texture.obj
c:\users\mike\onedrive - university of south wales\ame2223\cs2s573\multiplayerbook\chapter 6\robocataction\robocatclient\release\spritecomponent.obj
c:\users\mike\onedrive - university of south wales\ame2223\cs2s573\multiplayerbook\chapter 6\robocataction\robocatclient\release\robocatclient.obj
c:\users\mike\onedrive - university of south wales\ame2223\cs2s573\multiplayerbook\chapter 6\robocataction\robocatclient\release\replicationmanagerclient.obj
c:\users\mike\onedrive - university of south wales\ame2223\cs2s573\multiplayerbook\chapter 6\robocataction\robocatclient\release\rendermanager.obj
c:\users\mike\onedrive - university of south wales\ame2223\cs2s573\multiplayerbook\chapter 6\robocataction\robocatclient\release\networkmanagerclient.obj
c:\users\mike\onedrive - university of south wales\ame2223\cs2s573\multiplayerbook\chapter 6\robocataction\robocatclient\release\inputmanager.obj
c:\users\mike\onedrive - university of south wales\ame2223\cs2s573\multiplayerbook\chapter 6\robocataction\robocatclient\release\hud.obj
c:\users\mike\onedrive - university of south wales\ame2223\cs2s573\multiplayerbook\chapter 6\robocataction\robocatclient\release\graphicsdriver.obj
c:\users\mike\onedrive - university of south wales\ame2223\cs2s573\multiplayerbook\chapter 6\robocataction\robocatclient\release\clientmain.obj
c:\users\mike\onedrive - university of south wales\ame2223\cs2s573\multiplayerbook\chapter 6\robocataction\robocatclient\release\client.obj
c:\users\mike\onedrive - university of south wales\ame2223\cs2s573\multiplayerbook\chapter 6\robocataction\robocatclient\release\yarnclient.obj
c:\users\mike\onedrive - university of south wales\ame2223\cs2s573\multiplayerbook\chapter 6\robocataction\release\robocatclient.exe
c:\users\mike\onedrive - university of south wales\ame2223\cs2s573\multiplayerbook\chapter 6\robocataction\release\robocatclient.pdb
c:\users\mike\onedrive - university of south wales\ame2223\cs2s573\multiplayerbook\chapter 6\robocataction\release\robocatclient.ipdb
c:\users\mike\onedrive - university of south wales\ame2223\cs2s573\multiplayerbook\chapter 6\robocataction\release\robocatclient.iobj
c:\users\mike\onedrive - university of south wales\ame2223\cs2s573\multiplayerbook\chapter 6\robocataction\robocatclient\release\robocatclient.tlog\cl.command.1.tlog
c:\users\mike\onedrive - university of south wales\ame2223\cs2s573\multiplayerbook\chapter 6\robocataction\robocatclient\release\robocatclient.tlog\cl.read.1.tlog
c:\users\mike\onedrive - university of south wales\ame2223\cs2s573\multiplayerbook\chapter 6\robocataction\robocatclient\release\robocatclient.tlog\cl.write.1.tlog
c:\users\mike\onedrive - university of south wales\ame2223\cs2s573\multiplayerbook\chapter 6\robocataction\robocatclient\release\robocatclient.tlog\link.command.1.tlog
c:\users\mike\onedrive - university of south wales\ame2223\cs2s573\multiplayerbook\chapter 6\robocataction\robocatclient\release\robocatclient.tlog\link.read.1.tlog
c:\users\mike\onedrive - university of south wales\ame2223\cs2s573\multiplayerbook\chapter 6\robocataction\robocatclient\release\robocatclient.tlog\link.write.1.tlog
c:\users\mike\onedrive - university of south wales\ame2223\cs2s573\multiplayerbook\chapter 6\robocataction\robocatclient\release\robocatclient.tlog\robocatclient.write.1u.tlog
