Build started 19/10/2022 18:41:31.
     1>Project "C:\Users\Mike\OneDrive - University of South Wales\AME2223\CS2S573\MultiplayerBook\Chapter 8\RoboCatAction\RoboCatClient\RoboCatClient.vcxproj" on node 2 (Build target(s)).
     1>ClCompile:
         C:\Program Files (x86)\Microsoft Visual Studio 12.0\VC\bin\CL.exe /c /I..\SDL\include /IInc /I..\ /I..\RoboCat\Inc /Zi /nologo /W3 /WX- /sdl /O2 /Oi /Oy- /GL /D WIN32 /D NDEBUG /D _WINDOWS /D _MBCS /Gm- /EHsc /MD /GS /Gy /fp:precise /Zc:wchar_t /Zc:forScope /Yc"RoboCatClientPCH.h" /Fp"Release\RoboCatClient.pch" /Fo"Release\\" /Fd"Release\vc120.pdb" /Gd /TP /analyze- /errorReport:prompt Src\RoboCatClientPCH.cpp
         RoboCatClientPCH.cpp
         C:\Program Files (x86)\Microsoft Visual Studio 12.0\VC\bin\CL.exe /c /I..\SDL\include /IInc /I..\ /I..\RoboCat\Inc /Zi /nologo /W3 /WX- /sdl /O2 /Oi /Oy- /GL /D WIN32 /D NDEBUG /D _WINDOWS /D _MBCS /Gm- /EHsc /MD /GS /Gy /fp:precise /Zc:wchar_t /Zc:forScope /Yu"RoboCatClientPCH.h" /Fp"Release\RoboCatClient.pch" /Fo"Release\\" /Fd"Release\vc120.pdb" /Gd /TP /analyze- /errorReport:prompt Src\YarnClient.cpp Src\Client.cpp Src\ClientMain.cpp Src\GraphicsDriver.cpp Src\HUD.cpp Src\InputManager.cpp Src\NetworkManagerClient.cpp Src\RenderManager.cpp Src\ReplicationManagerClient.cpp Src\RoboCatClient.cpp Src\SpriteComponent.cpp Src\Texture.cpp Src\TextureManager.cpp Src\MouseClient.cpp Src\WindowManager.cpp
         YarnClient.cpp
         Client.cpp
         ClientMain.cpp
         GraphicsDriver.cpp
         HUD.cpp
         InputManager.cpp
         NetworkManagerClient.cpp
         RenderManager.cpp
         ReplicationManagerClient.cpp
         RoboCatClient.cpp
         SpriteComponent.cpp
         Texture.cpp
         TextureManager.cpp
         MouseClient.cpp
         WindowManager.cpp
       Link:
         C:\Program Files (x86)\Microsoft Visual Studio 12.0\VC\bin\link.exe /ERRORREPORT:PROMPT /OUT:"C:\Users\Mike\OneDrive - University of South Wales\AME2223\CS2S573\MultiplayerBook\Chapter 8\RoboCatAction\Release\RoboCatClient.exe" /INCREMENTAL:NO /NOLOGO /LIBPATH:..\SDL\lib\win\x86 kernel32.lib user32.lib gdi32.lib winspool.lib comdlg32.lib advapi32.lib shell32.lib ole32.lib oleaut32.lib uuid.lib odbc32.lib odbccp32.lib ws2_32.lib SDL2.lib SDL2main.lib SDL2_image.lib SDL2_ttf.lib kernel32.lib user32.lib gdi32.lib winspool.lib comdlg32.lib advapi32.lib shell32.lib ole32.lib oleaut32.lib uuid.lib odbc32.lib odbccp32.lib /MANIFEST /MANIFESTUAC:"level='asInvoker' uiAccess='false'" /manifest:embed /DEBUG /PDB:"C:\Users\Mike\OneDrive - University of South Wales\AME2223\CS2S573\MultiplayerBook\Chapter 8\RoboCatAction\Release\RoboCatClient.pdb" /SUBSYSTEM:WINDOWS /OPT:REF /OPT:ICF /LTCG /TLBID:1 /DYNAMICBASE /NXCOMPAT /IMPLIB:"C:\Users\Mike\OneDrive - University of South Wales\AME2223\CS2S573\MultiplayerBook\Chapter 8\RoboCatAction\Release\RoboCatClient.lib" /MACHINE:X86 /SAFESEH Release\YarnClient.obj
         Release\Client.obj
         Release\ClientMain.obj
         Release\GraphicsDriver.obj
         Release\HUD.obj
         Release\InputManager.obj
         Release\NetworkManagerClient.obj
         Release\RenderManager.obj
         Release\ReplicationManagerClient.obj
         Release\RoboCatClient.obj
         Release\SpriteComponent.obj
         Release\Texture.obj
         Release\TextureManager.obj
         Release\MouseClient.obj
         Release\RoboCatClientPCH.obj
         Release\WindowManager.obj
         "C:\Users\Mike\OneDrive - University of South Wales\AME2223\CS2S573\MultiplayerBook\Chapter 8\RoboCatAction\Release\RoboCat.lib"
         Generating code
         Finished generating code
         RoboCatClient.vcxproj -> C:\Users\Mike\OneDrive - University of South Wales\AME2223\CS2S573\MultiplayerBook\Chapter 8\RoboCatAction\Release\RoboCatClient.exe
       PostBuildEvent:
         xcopy "C:\Users\Mike\OneDrive - University of South Wales\AME2223\CS2S573\MultiplayerBook\Chapter 8\RoboCatAction\RoboCatClient\\..\SDL\lib\win\x86\*.dll" "C:\Users\Mike\OneDrive - University of South Wales\AME2223\CS2S573\MultiplayerBook\Chapter 8\RoboCatAction\Release\" /i /s /y
         :VCEnd
         C:\Users\Mike\OneDrive - University of South Wales\AME2223\CS2S573\MultiplayerBook\Chapter 8\RoboCatAction\RoboCatClient\\..\SDL\lib\win\x86\libfreetype-6.dll
         C:\Users\Mike\OneDrive - University of South Wales\AME2223\CS2S573\MultiplayerBook\Chapter 8\RoboCatAction\RoboCatClient\\..\SDL\lib\win\x86\libogg-0.dll
         C:\Users\Mike\OneDrive - University of South Wales\AME2223\CS2S573\MultiplayerBook\Chapter 8\RoboCatAction\RoboCatClient\\..\SDL\lib\win\x86\libpng16-16.dll
         C:\Users\Mike\OneDrive - University of South Wales\AME2223\CS2S573\MultiplayerBook\Chapter 8\RoboCatAction\RoboCatClient\\..\SDL\lib\win\x86\libvorbis-0.dll
         C:\Users\Mike\OneDrive - University of South Wales\AME2223\CS2S573\MultiplayerBook\Chapter 8\RoboCatAction\RoboCatClient\\..\SDL\lib\win\x86\libvorbisfile-3.dll
         C:\Users\Mike\OneDrive - University of South Wales\AME2223\CS2S573\MultiplayerBook\Chapter 8\RoboCatAction\RoboCatClient\\..\SDL\lib\win\x86\SDL2.dll
         C:\Users\Mike\OneDrive - University of South Wales\AME2223\CS2S573\MultiplayerBook\Chapter 8\RoboCatAction\RoboCatClient\\..\SDL\lib\win\x86\SDL2_image.dll
         C:\Users\Mike\OneDrive - University of South Wales\AME2223\CS2S573\MultiplayerBook\Chapter 8\RoboCatAction\RoboCatClient\\..\SDL\lib\win\x86\SDL2_mixer.dll
         C:\Users\Mike\OneDrive - University of South Wales\AME2223\CS2S573\MultiplayerBook\Chapter 8\RoboCatAction\RoboCatClient\\..\SDL\lib\win\x86\SDL2_ttf.dll
         C:\Users\Mike\OneDrive - University of South Wales\AME2223\CS2S573\MultiplayerBook\Chapter 8\RoboCatAction\RoboCatClient\\..\SDL\lib\win\x86\zlib1.dll
         10 File(s) copied
     1>Done Building Project "C:\Users\Mike\OneDrive - University of South Wales\AME2223\CS2S573\MultiplayerBook\Chapter 8\RoboCatAction\RoboCatClient\RoboCatClient.vcxproj" (Build target(s)).

Build succeeded.

Time Elapsed 00:00:11.70
