Build started 19/10/2022 18:43:21.
     1>Project "C:\Users\Mike\OneDrive - University of South Wales\AME2223\CS2S573\MultiplayerBook\Chapter 8\RoboCatAction\RoboCat\RoboCat.vcxproj" on node 2 (Rebuild target(s)).
     1>ClCompile:
         C:\Program Files (x86)\Microsoft Visual Studio 12.0\VC\bin\CL.exe /c /I..\SDL\include /IInc /I..\ /Zi /nologo /W4 /WX- /O2 /Oi /Oy- /GL /D WIN32 /D NDEBUG /D _WINDOWS /D _WIN32_WINNT=0x0600 /D _MBCS /Gm- /EHsc /MD /GS /Gy /arch:SSE2 /fp:fast /Zc:wchar_t /Zc:forScope /openmp- /Fo"Release\\" /Fd"Release\vc120.pdb" /Gd /TP /analyze- /errorReport:prompt  Src\AckRange.cpp Src\Yarn.cpp Src\DeliveryNotificationManager.cpp Src\Engine.cpp Src\GameObjectRegistry.cpp Src\InFlightPacket.cpp Src\InputState.cpp Src\MemoryBitStream.cpp Src\Move.cpp Src\MoveList.cpp Src\NetworkManager.cpp Src\RoboMath.cpp Src\ScoreBoardManager.cpp Src\RoboCat.cpp Src\SocketAddress.cpp Src\SocketAddressFactory.cpp Src\SocketUtil.cpp Src\StringUtils.cpp Src\TCPSocket.cpp Src\Timing.cpp Src\GameObject.cpp Src\Mouse.cpp Src\RoboCatPCH.cpp Src\UDPSocket.cpp Src\World.cpp
         AckRange.cpp
         Yarn.cpp
         DeliveryNotificationManager.cpp
         Engine.cpp
         GameObjectRegistry.cpp
         InFlightPacket.cpp
         InputState.cpp
         MemoryBitStream.cpp
         Move.cpp
         MoveList.cpp
         NetworkManager.cpp
         RoboMath.cpp
         ScoreBoardManager.cpp
         RoboCat.cpp
         SocketAddress.cpp
         SocketAddressFactory.cpp
         SocketUtil.cpp
     1>Src\SocketUtil.cpp(90): warning C4100: 'ioNaxNfds' : unreferenced formal parameter
         StringUtils.cpp
         TCPSocket.cpp
         Timing.cpp
         Compiling...
         GameObject.cpp
         Mouse.cpp
         RoboCatPCH.cpp
         UDPSocket.cpp
         World.cpp
       Lib:
         C:\Program Files (x86)\Microsoft Visual Studio 12.0\VC\bin\Lib.exe /OUT:"C:\Users\Mike\OneDrive - University of South Wales\AME2223\CS2S573\MultiplayerBook\Chapter 8\RoboCatAction\Release\RoboCat.lib" /NOLOGO /MACHINE:X86 /LTCG Release\AckRange.obj
         Release\Yarn.obj
         Release\DeliveryNotificationManager.obj
         Release\Engine.obj
         Release\GameObjectRegistry.obj
         Release\InFlightPacket.obj
         Release\InputState.obj
         Release\MemoryBitStream.obj
         Release\Move.obj
         Release\MoveList.obj
         Release\NetworkManager.obj
         Release\RoboMath.obj
         Release\ScoreBoardManager.obj
         Release\RoboCat.obj
         Release\SocketAddress.obj
         Release\SocketAddressFactory.obj
         Release\SocketUtil.obj
         Release\StringUtils.obj
         Release\TCPSocket.obj
         Release\Timing.obj
         Release\GameObject.obj
         Release\Mouse.obj
         Release\RoboCatPCH.obj
         Release\UDPSocket.obj
         Release\World.obj
         RoboCat.vcxproj -> C:\Users\Mike\OneDrive - University of South Wales\AME2223\CS2S573\MultiplayerBook\Chapter 8\RoboCatAction\Release\RoboCat.lib
     1>Done Building Project "C:\Users\Mike\OneDrive - University of South Wales\AME2223\CS2S573\MultiplayerBook\Chapter 8\RoboCatAction\RoboCat\RoboCat.vcxproj" (Rebuild target(s)).

Build succeeded.

Time Elapsed 00:00:21.48
