  RoboCatPCH.cpp
  Yarn.cpp
  Engine.cpp
  GameObjectRegistry.cpp
  InputState.cpp
  MemoryBitStream.cpp
  Move.cpp
  MoveList.cpp
  NetworkManager.cpp
  RoboMath.cpp
  ScoreBoardManager.cpp
  RoboCat.cpp
  SocketAddress.cpp
  SocketAddressFactory.cpp
  SocketUtil.cpp
c:\users\mike\onedrive - university of south wales\ame2223\cs2s573\multiplayerbook\chapter 6\robocataction\robocat\src\socketutil.cpp(90): warning C4100: 'ioNaxNfds': unreferenced formal parameter
  StringUtils.cpp
  TCPSocket.cpp
  Timing.cpp
  GameObject.cpp
  Mouse.cpp
  UDPSocket.cpp
  Generating Code...
  Compiling...
  World.cpp
  Generating Code...
  RoboCat.vcxproj -> C:\Users\Mike\OneDrive - University of South Wales\AME2223\CS2S573\MultiplayerBook\Chapter 6\RoboCatAction\RoboCat\Bin\Debug\RoboCat.lib
