c:\users\mike\onedrive - university of south wales\ame2223\cs2s573\multiplayerbook\chapter 6\robocataction\robocat\release\robocat.pdb
c:\users\mike\onedrive - university of south wales\ame2223\cs2s573\multiplayerbook\chapter 6\robocataction\robocat\release\robocatpch.obj
c:\users\mike\onedrive - university of south wales\ame2223\cs2s573\multiplayerbook\chapter 6\robocataction\robocat\release\mouse.obj
c:\users\mike\onedrive - university of south wales\ame2223\cs2s573\multiplayerbook\chapter 6\robocataction\robocat\release\gameobject.obj
c:\users\mike\onedrive - university of south wales\ame2223\cs2s573\multiplayerbook\chapter 6\robocataction\robocat\release\timing.obj
c:\users\mike\onedrive - university of south wales\ame2223\cs2s573\multiplayerbook\chapter 6\robocataction\robocat\release\tcpsocket.obj
c:\users\mike\onedrive - university of south wales\ame2223\cs2s573\multiplayerbook\chapter 6\robocataction\robocat\release\stringutils.obj
c:\users\mike\onedrive - university of south wales\ame2223\cs2s573\multiplayerbook\chapter 6\robocataction\robocat\release\socketutil.obj
c:\users\mike\onedrive - university of south wales\ame2223\cs2s573\multiplayerbook\chapter 6\robocataction\robocat\release\socketaddressfactory.obj
c:\users\mike\onedrive - university of south wales\ame2223\cs2s573\multiplayerbook\chapter 6\robocataction\robocat\release\socketaddress.obj
c:\users\mike\onedrive - university of south wales\ame2223\cs2s573\multiplayerbook\chapter 6\robocataction\robocat\release\robocat.obj
c:\users\mike\onedrive - university of south wales\ame2223\cs2s573\multiplayerbook\chapter 6\robocataction\robocat\release\scoreboardmanager.obj
c:\users\mike\onedrive - university of south wales\ame2223\cs2s573\multiplayerbook\chapter 6\robocataction\robocat\release\robomath.obj
c:\users\mike\onedrive - university of south wales\ame2223\cs2s573\multiplayerbook\chapter 6\robocataction\robocat\release\networkmanager.obj
c:\users\mike\onedrive - university of south wales\ame2223\cs2s573\multiplayerbook\chapter 6\robocataction\robocat\release\movelist.obj
c:\users\mike\onedrive - university of south wales\ame2223\cs2s573\multiplayerbook\chapter 6\robocataction\robocat\release\move.obj
c:\users\mike\onedrive - university of south wales\ame2223\cs2s573\multiplayerbook\chapter 6\robocataction\robocat\release\memorybitstream.obj
c:\users\mike\onedrive - university of south wales\ame2223\cs2s573\multiplayerbook\chapter 6\robocataction\robocat\release\inputstate.obj
c:\users\mike\onedrive - university of south wales\ame2223\cs2s573\multiplayerbook\chapter 6\robocataction\robocat\release\gameobjectregistry.obj
c:\users\mike\onedrive - university of south wales\ame2223\cs2s573\multiplayerbook\chapter 6\robocataction\robocat\release\engine.obj
c:\users\mike\onedrive - university of south wales\ame2223\cs2s573\multiplayerbook\chapter 6\robocataction\robocat\release\yarn.obj
c:\users\mike\onedrive - university of south wales\ame2223\cs2s573\multiplayerbook\chapter 6\robocataction\robocat\release\world.obj
c:\users\mike\onedrive - university of south wales\ame2223\cs2s573\multiplayerbook\chapter 6\robocataction\robocat\release\udpsocket.obj
c:\users\mike\onedrive - university of south wales\ame2223\cs2s573\multiplayerbook\chapter 6\robocataction\release\robocat.lib
c:\users\mike\onedrive - university of south wales\ame2223\cs2s573\multiplayerbook\chapter 6\robocataction\robocat\release\robocat.tlog\cl.command.1.tlog
c:\users\mike\onedrive - university of south wales\ame2223\cs2s573\multiplayerbook\chapter 6\robocataction\robocat\release\robocat.tlog\cl.read.1.tlog
c:\users\mike\onedrive - university of south wales\ame2223\cs2s573\multiplayerbook\chapter 6\robocataction\robocat\release\robocat.tlog\cl.write.1.tlog
c:\users\mike\onedrive - university of south wales\ame2223\cs2s573\multiplayerbook\chapter 6\robocataction\robocat\release\robocat.tlog\lib-link.read.1.tlog
c:\users\mike\onedrive - university of south wales\ame2223\cs2s573\multiplayerbook\chapter 6\robocataction\robocat\release\robocat.tlog\lib-link.write.1.tlog
c:\users\mike\onedrive - university of south wales\ame2223\cs2s573\multiplayerbook\chapter 6\robocataction\robocat\release\robocat.tlog\lib.command.1.tlog
