  Yarn.cpp
c:\users\mike\onedrive - university of south wales\ame2223\cs2s573\multiplayerbook\chapter 6\robocataction\robocat\inc\movelist.h(23): warning C4267: 'return': conversion from 'size_t' to 'int', possible loss of data
  Engine.cpp
c:\users\mike\onedrive - university of south wales\ame2223\cs2s573\multiplayerbook\chapter 6\robocataction\robocat\inc\movelist.h(23): warning C4267: 'return': conversion from 'size_t' to 'int', possible loss of data
  GameObjectRegistry.cpp
c:\users\mike\onedrive - university of south wales\ame2223\cs2s573\multiplayerbook\chapter 6\robocataction\robocat\inc\movelist.h(23): warning C4267: 'return': conversion from 'size_t' to 'int', possible loss of data
  InputState.cpp
c:\users\mike\onedrive - university of south wales\ame2223\cs2s573\multiplayerbook\chapter 6\robocataction\robocat\inc\movelist.h(23): warning C4267: 'return': conversion from 'size_t' to 'int', possible loss of data
  MemoryBitStream.cpp
c:\users\mike\onedrive - university of south wales\ame2223\cs2s573\multiplayerbook\chapter 6\robocataction\robocat\inc\movelist.h(23): warning C4267: 'return': conversion from 'size_t' to 'int', possible loss of data
  Move.cpp
c:\users\mike\onedrive - university of south wales\ame2223\cs2s573\multiplayerbook\chapter 6\robocataction\robocat\inc\movelist.h(23): warning C4267: 'return': conversion from 'size_t' to 'int', possible loss of data
  MoveList.cpp
c:\users\mike\onedrive - university of south wales\ame2223\cs2s573\multiplayerbook\chapter 6\robocataction\robocat\inc\movelist.h(23): warning C4267: 'return': conversion from 'size_t' to 'int', possible loss of data
  NetworkManager.cpp
c:\users\mike\onedrive - university of south wales\ame2223\cs2s573\multiplayerbook\chapter 6\robocataction\robocat\inc\movelist.h(23): warning C4267: 'return': conversion from 'size_t' to 'int', possible loss of data
  RoboMath.cpp
c:\users\mike\onedrive - university of south wales\ame2223\cs2s573\multiplayerbook\chapter 6\robocataction\robocat\inc\movelist.h(23): warning C4267: 'return': conversion from 'size_t' to 'int', possible loss of data
  ScoreBoardManager.cpp
c:\users\mike\onedrive - university of south wales\ame2223\cs2s573\multiplayerbook\chapter 6\robocataction\robocat\inc\movelist.h(23): warning C4267: 'return': conversion from 'size_t' to 'int', possible loss of data
c:\users\mike\onedrive - university of south wales\ame2223\cs2s573\multiplayerbook\chapter 6\robocataction\robocat\src\scoreboardmanager.cpp(117): warning C4267: 'initializing': conversion from 'size_t' to 'int', possible loss of data
  RoboCat.cpp
c:\users\mike\onedrive - university of south wales\ame2223\cs2s573\multiplayerbook\chapter 6\robocataction\robocat\inc\movelist.h(23): warning C4267: 'return': conversion from 'size_t' to 'int', possible loss of data
  SocketAddress.cpp
c:\users\mike\onedrive - university of south wales\ame2223\cs2s573\multiplayerbook\chapter 6\robocataction\robocat\inc\movelist.h(23): warning C4267: 'return': conversion from 'size_t' to 'int', possible loss of data
c:\users\mike\onedrive - university of south wales\ame2223\cs2s573\multiplayerbook\chapter 6\robocataction\robocat\src\socketaddress.cpp(9): error C2664: 'PCWSTR InetNtopW(INT,const void *,PWSTR,size_t)': cannot convert argument 3 from 'char [128]' to 'PWSTR'
  c:\users\mike\onedrive - university of south wales\ame2223\cs2s573\multiplayerbook\chapter 6\robocataction\robocat\src\socketaddress.cpp(9): note: Types pointed to are unrelated; conversion requires reinterpret_cast, C-style cast or function-style cast
  SocketAddressFactory.cpp
c:\users\mike\onedrive - university of south wales\ame2223\cs2s573\multiplayerbook\chapter 6\robocataction\robocat\inc\movelist.h(23): warning C4267: 'return': conversion from 'size_t' to 'int', possible loss of data
  SocketUtil.cpp
c:\users\mike\onedrive - university of south wales\ame2223\cs2s573\multiplayerbook\chapter 6\robocataction\robocat\inc\movelist.h(23): warning C4267: 'return': conversion from 'size_t' to 'int', possible loss of data
c:\users\mike\onedrive - university of south wales\ame2223\cs2s573\multiplayerbook\chapter 6\robocataction\robocat\src\socketutil.cpp(90): warning C4100: 'ioNaxNfds': unreferenced formal parameter
  StringUtils.cpp
c:\users\mike\onedrive - university of south wales\ame2223\cs2s573\multiplayerbook\chapter 6\robocataction\robocat\inc\movelist.h(23): warning C4267: 'return': conversion from 'size_t' to 'int', possible loss of data
c:\users\mike\onedrive - university of south wales\ame2223\cs2s573\multiplayerbook\chapter 6\robocataction\robocat\src\stringutils.cpp(58): error C2664: 'void OutputDebugStringW(LPCWSTR)': cannot convert argument 1 from 'char [4096]' to 'LPCWSTR'
  c:\users\mike\onedrive - university of south wales\ame2223\cs2s573\multiplayerbook\chapter 6\robocataction\robocat\src\stringutils.cpp(58): note: Types pointed to are unrelated; conversion requires reinterpret_cast, C-style cast or function-style cast
c:\users\mike\onedrive - university of south wales\ame2223\cs2s573\multiplayerbook\chapter 6\robocataction\robocat\src\stringutils.cpp(59): error C2664: 'void OutputDebugStringW(LPCWSTR)': cannot convert argument 1 from 'const char [2]' to 'LPCWSTR'
  c:\users\mike\onedrive - university of south wales\ame2223\cs2s573\multiplayerbook\chapter 6\robocataction\robocat\src\stringutils.cpp(59): note: Types pointed to are unrelated; conversion requires reinterpret_cast, C-style cast or function-style cast
  TCPSocket.cpp
c:\users\mike\onedrive - university of south wales\ame2223\cs2s573\multiplayerbook\chapter 6\robocataction\robocat\inc\movelist.h(23): warning C4267: 'return': conversion from 'size_t' to 'int', possible loss of data
c:\users\mike\onedrive - university of south wales\ame2223\cs2s573\multiplayerbook\chapter 6\robocataction\robocat\src\tcpsocket.cpp(44): warning C4267: 'argument': conversion from 'size_t' to 'int', possible loss of data
c:\users\mike\onedrive - university of south wales\ame2223\cs2s573\multiplayerbook\chapter 6\robocataction\robocat\src\tcpsocket.cpp(55): warning C4267: 'argument': conversion from 'size_t' to 'int', possible loss of data
  Timing.cpp
c:\users\mike\onedrive - university of south wales\ame2223\cs2s573\multiplayerbook\chapter 6\robocataction\robocat\inc\movelist.h(23): warning C4267: 'return': conversion from 'size_t' to 'int', possible loss of data
  GameObject.cpp
c:\users\mike\onedrive - university of south wales\ame2223\cs2s573\multiplayerbook\chapter 6\robocataction\robocat\inc\movelist.h(23): warning C4267: 'return': conversion from 'size_t' to 'int', possible loss of data
  Mouse.cpp
c:\users\mike\onedrive - university of south wales\ame2223\cs2s573\multiplayerbook\chapter 6\robocataction\robocat\inc\movelist.h(23): warning C4267: 'return': conversion from 'size_t' to 'int', possible loss of data
  RoboCatPCH.cpp
c:\users\mike\onedrive - university of south wales\ame2223\cs2s573\multiplayerbook\chapter 6\robocataction\robocat\inc\movelist.h(23): warning C4267: 'return': conversion from 'size_t' to 'int', possible loss of data
  Compiling...
  UDPSocket.cpp
c:\users\mike\onedrive - university of south wales\ame2223\cs2s573\multiplayerbook\chapter 6\robocataction\robocat\inc\movelist.h(23): warning C4267: 'return': conversion from 'size_t' to 'int', possible loss of data
  World.cpp
c:\users\mike\onedrive - university of south wales\ame2223\cs2s573\multiplayerbook\chapter 6\robocataction\robocat\inc\movelist.h(23): warning C4267: 'return': conversion from 'size_t' to 'int', possible loss of data
c:\users\mike\onedrive - university of south wales\ame2223\cs2s573\multiplayerbook\chapter 6\robocataction\robocat\src\world.cpp(20): warning C4267: 'argument': conversion from 'size_t' to 'int', possible loss of data
c:\users\mike\onedrive - university of south wales\ame2223\cs2s573\multiplayerbook\chapter 6\robocataction\robocat\src\world.cpp(28): warning C4267: 'initializing': conversion from 'size_t' to 'int', possible loss of data
c:\users\mike\onedrive - university of south wales\ame2223\cs2s573\multiplayerbook\chapter 6\robocataction\robocat\src\world.cpp(45): warning C4267: 'initializing': conversion from 'size_t' to 'int', possible loss of data
