c:\users\mike\onedrive - university of south wales\ame2223\cs2s573\multiplayerbook\chapter 6\robocataction\robocat\x64\release\vc141.pdb
c:\users\mike\onedrive - university of south wales\ame2223\cs2s573\multiplayerbook\chapter 6\robocataction\robocat\x64\release\robocatpch.obj
c:\users\mike\onedrive - university of south wales\ame2223\cs2s573\multiplayerbook\chapter 6\robocataction\robocat\x64\release\mouse.obj
c:\users\mike\onedrive - university of south wales\ame2223\cs2s573\multiplayerbook\chapter 6\robocataction\robocat\x64\release\gameobject.obj
c:\users\mike\onedrive - university of south wales\ame2223\cs2s573\multiplayerbook\chapter 6\robocataction\robocat\x64\release\timing.obj
c:\users\mike\onedrive - university of south wales\ame2223\cs2s573\multiplayerbook\chapter 6\robocataction\robocat\x64\release\tcpsocket.obj
c:\users\mike\onedrive - university of south wales\ame2223\cs2s573\multiplayerbook\chapter 6\robocataction\robocat\x64\release\stringutils.obj
c:\users\mike\onedrive - university of south wales\ame2223\cs2s573\multiplayerbook\chapter 6\robocataction\robocat\x64\release\socketutil.obj
c:\users\mike\onedrive - university of south wales\ame2223\cs2s573\multiplayerbook\chapter 6\robocataction\robocat\x64\release\socketaddressfactory.obj
c:\users\mike\onedrive - university of south wales\ame2223\cs2s573\multiplayerbook\chapter 6\robocataction\robocat\x64\release\socketaddress.obj
c:\users\mike\onedrive - university of south wales\ame2223\cs2s573\multiplayerbook\chapter 6\robocataction\robocat\x64\release\robocat.obj
c:\users\mike\onedrive - university of south wales\ame2223\cs2s573\multiplayerbook\chapter 6\robocataction\robocat\x64\release\scoreboardmanager.obj
c:\users\mike\onedrive - university of south wales\ame2223\cs2s573\multiplayerbook\chapter 6\robocataction\robocat\x64\release\robomath.obj
c:\users\mike\onedrive - university of south wales\ame2223\cs2s573\multiplayerbook\chapter 6\robocataction\robocat\x64\release\networkmanager.obj
c:\users\mike\onedrive - university of south wales\ame2223\cs2s573\multiplayerbook\chapter 6\robocataction\robocat\x64\release\movelist.obj
c:\users\mike\onedrive - university of south wales\ame2223\cs2s573\multiplayerbook\chapter 6\robocataction\robocat\x64\release\move.obj
c:\users\mike\onedrive - university of south wales\ame2223\cs2s573\multiplayerbook\chapter 6\robocataction\robocat\x64\release\memorybitstream.obj
c:\users\mike\onedrive - university of south wales\ame2223\cs2s573\multiplayerbook\chapter 6\robocataction\robocat\x64\release\inputstate.obj
c:\users\mike\onedrive - university of south wales\ame2223\cs2s573\multiplayerbook\chapter 6\robocataction\robocat\x64\release\gameobjectregistry.obj
c:\users\mike\onedrive - university of south wales\ame2223\cs2s573\multiplayerbook\chapter 6\robocataction\robocat\x64\release\engine.obj
c:\users\mike\onedrive - university of south wales\ame2223\cs2s573\multiplayerbook\chapter 6\robocataction\robocat\x64\release\yarn.obj
c:\users\mike\onedrive - university of south wales\ame2223\cs2s573\multiplayerbook\chapter 6\robocataction\robocat\x64\release\world.obj
c:\users\mike\onedrive - university of south wales\ame2223\cs2s573\multiplayerbook\chapter 6\robocataction\robocat\x64\release\udpsocket.obj
c:\users\mike\onedrive - university of south wales\ame2223\cs2s573\multiplayerbook\chapter 6\robocataction\robocat\x64\release\robocat.tlog\cl.command.1.tlog
c:\users\mike\onedrive - university of south wales\ame2223\cs2s573\multiplayerbook\chapter 6\robocataction\robocat\x64\release\robocat.tlog\cl.read.1.tlog
c:\users\mike\onedrive - university of south wales\ame2223\cs2s573\multiplayerbook\chapter 6\robocataction\robocat\x64\release\robocat.tlog\cl.write.1.tlog
c:\users\mike\onedrive - university of south wales\ame2223\cs2s573\multiplayerbook\chapter 6\robocataction\robocat\x64\release\robocat.tlog\link.command.1.tlog
c:\users\mike\onedrive - university of south wales\ame2223\cs2s573\multiplayerbook\chapter 6\robocataction\robocat\x64\release\robocat.tlog\link.read.1.tlog
c:\users\mike\onedrive - university of south wales\ame2223\cs2s573\multiplayerbook\chapter 6\robocataction\robocat\x64\release\robocat.tlog\link.write.1.tlog
