c:\users\mike\onedrive - university of south wales\ame2223\cs2s573\multiplayerbook\chapter 8\robocataction\robocatserver\release\robocatserver.pch
c:\users\mike\onedrive - university of south wales\ame2223\cs2s573\multiplayerbook\chapter 8\robocataction\robocatserver\release\vc120.pdb
c:\users\mike\onedrive - university of south wales\ame2223\cs2s573\multiplayerbook\chapter 8\robocataction\robocatserver\release\robocatserverpch.obj
c:\users\mike\onedrive - university of south wales\ame2223\cs2s573\multiplayerbook\chapter 8\robocataction\robocatserver\release\mouseserver.obj
c:\users\mike\onedrive - university of south wales\ame2223\cs2s573\multiplayerbook\chapter 8\robocataction\robocatserver\release\robocatserver.obj
c:\users\mike\onedrive - university of south wales\ame2223\cs2s573\multiplayerbook\chapter 8\robocataction\robocatserver\release\networkmanagerserver.obj
c:\users\mike\onedrive - university of south wales\ame2223\cs2s573\multiplayerbook\chapter 8\robocataction\robocatserver\release\servermain.obj
c:\users\mike\onedrive - university of south wales\ame2223\cs2s573\multiplayerbook\chapter 8\robocataction\robocatserver\release\server.obj
c:\users\mike\onedrive - university of south wales\ame2223\cs2s573\multiplayerbook\chapter 8\robocataction\robocatserver\release\replicationmanagertransmissiondata.obj
c:\users\mike\onedrive - university of south wales\ame2223\cs2s573\multiplayerbook\chapter 8\robocataction\robocatserver\release\replicationmanagerserver.obj
c:\users\mike\onedrive - university of south wales\ame2223\cs2s573\multiplayerbook\chapter 8\robocataction\robocatserver\release\clientproxy.obj
c:\users\mike\onedrive - university of south wales\ame2223\cs2s573\multiplayerbook\chapter 8\robocataction\robocatserver\release\yarnserver.obj
c:\users\mike\onedrive - university of south wales\ame2223\cs2s573\multiplayerbook\chapter 8\robocataction\release\robocatserver.exe
c:\users\mike\onedrive - university of south wales\ame2223\cs2s573\multiplayerbook\chapter 8\robocataction\release\robocatserver.pdb
c:\users\mike\onedrive - university of south wales\ame2223\cs2s573\multiplayerbook\chapter 8\robocataction\robocatserver\release\robocatserver.tlog\cl.command.1.tlog
c:\users\mike\onedrive - university of south wales\ame2223\cs2s573\multiplayerbook\chapter 8\robocataction\robocatserver\release\robocatserver.tlog\cl.read.1.tlog
c:\users\mike\onedrive - university of south wales\ame2223\cs2s573\multiplayerbook\chapter 8\robocataction\robocatserver\release\robocatserver.tlog\cl.write.1.tlog
c:\users\mike\onedrive - university of south wales\ame2223\cs2s573\multiplayerbook\chapter 8\robocataction\robocatserver\release\robocatserver.tlog\link.command.1.tlog
c:\users\mike\onedrive - university of south wales\ame2223\cs2s573\multiplayerbook\chapter 8\robocataction\robocatserver\release\robocatserver.tlog\link.read.1.tlog
c:\users\mike\onedrive - university of south wales\ame2223\cs2s573\multiplayerbook\chapter 8\robocataction\robocatserver\release\robocatserver.tlog\link.write.1.tlog
